<?xml version="1.0" encoding="UTF-8"?>
<testsuite name="com.mdrsolutions.springbootprod.ProdreadyApplicationTests" tests="1" skipped="0" failures="0" errors="0" timestamp="2026-08-30T10:15:56" hostname="Raymonds-MacBook-Air.local" time="0.618">
  <properties/>
  <testcase name="contextLoads()" classname="com.mdrsolutions.springbootprod.ProdreadyApplicationTests" time="0.618"/>
  <system-out><![CDATA[12:15:52.109 [Test worker] DEBUG org.springframework.test.context.BootstrapUtils - Instantiating CacheAwareContextLoaderDelegate from class [org.springframework.test.context.cache.DefaultCacheAwareContextLoaderDelegate]
12:15:52.122 [Test worker] DEBUG org.springframework.test.context.BootstrapUtils - Instantiating BootstrapContext using constructor [public org.springframework.test.context.support.DefaultBootstrapContext(java.lang.Class,org.springframework.test.context.CacheAwareContextLoaderDelegate)]
12:15:52.179 [Test worker] DEBUG org.springframework.test.context.BootstrapUtils - Instantiating TestContextBootstrapper for test class [com.mdrsolutions.springbootprod.ProdreadyApplicationTests] from class [org.springframework.boot.test.context.SpringBootTestContextBootstrapper]
12:15:52.192 [Test worker] INFO org.springframework.boot.test.context.SpringBootTestContextBootstrapper - Neither @ContextConfiguration nor @ContextHierarchy found for test class [com.mdrsolutions.springbootprod.ProdreadyApplicationTests], using SpringBootContextLoader
12:15:52.196 [Test worker] DEBUG org.springframework.test.context.support.AbstractContextLoader - Did not detect default resource location for test class [com.mdrsolutions.springbootprod.ProdreadyApplicationTests]: class path resource [com/mdrsolutions/springbootprod/ProdreadyApplicationTests-context.xml] does not exist
12:15:52.198 [Test worker] DEBUG org.springframework.test.context.support.AbstractContextLoader - Did not detect default resource location for test class [com.mdrsolutions.springbootprod.ProdreadyApplicationTests]: class path resource [com/mdrsolutions/springbootprod/ProdreadyApplicationTestsContext.groovy] does not exist
12:15:52.198 [Test worker] INFO org.springframework.test.context.support.AbstractContextLoader - Could not detect default resource locations for test class [com.mdrsolutions.springbootprod.ProdreadyApplicationTests]: no resource found for suffixes {-context.xml, Context.groovy}.
12:15:52.198 [Test worker] INFO org.springframework.test.context.support.AnnotationConfigContextLoaderUtils - Could not detect default configuration classes for test class [com.mdrsolutions.springbootprod.ProdreadyApplicationTests]: ProdreadyApplicationTests does not declare any static, non-private, non-final, nested classes annotated with @Configuration.
12:15:52.260 [Test worker] DEBUG org.springframework.test.context.support.ActiveProfilesUtils - Could not find an 'annotation declaring class' for annotation type [org.springframework.test.context.ActiveProfiles] and class [com.mdrsolutions.springbootprod.ProdreadyApplicationTests]
12:15:52.355 [Test worker] DEBUG org.springframework.context.annotation.ClassPathScanningCandidateComponentProvider - Identified candidate component class: file [/Users/raymond/Documents/wip/courses/SpringInProduction/Ex_Files_Running_Spring_Boot_in_Production_Ch4/Chapter_04/04_01_begin/SpringBootProduction/build/classes/java/main/com/mdrsolutions/springbootprod/SpringBootProdApplication.class]
12:15:52.361 [Test worker] INFO org.springframework.boot.test.context.SpringBootTestContextBootstrapper - Found @SpringBootConfiguration com.mdrsolutions.springbootprod.SpringBootProdApplication for test class com.mdrsolutions.springbootprod.ProdreadyApplicationTests
12:15:52.452 [Test worker] DEBUG org.springframework.boot.test.context.SpringBootTestContextBootstrapper - @TestExecutionListeners is not present for class [com.mdrsolutions.springbootprod.ProdreadyApplicationTests]: using defaults.
12:15:52.453 [Test worker] INFO org.springframework.boot.test.context.SpringBootTestContextBootstrapper - Loaded default TestExecutionListener class names from location [META-INF/spring.factories]: [org.springframework.boot.test.autoconfigure.restdocs.RestDocsTestExecutionListener, org.springframework.boot.test.autoconfigure.web.client.MockRestServiceServerResetTestExecutionListener, org.springframework.boot.test.autoconfigure.web.servlet.MockMvcPrintOnlyOnFailureTestExecutionListener, org.springframework.boot.test.autoconfigure.web.servlet.WebDriverTestExecutionListener, org.springframework.boot.test.autoconfigure.webservices.client.MockWebServiceServerTestExecutionListener, org.springframework.boot.test.mock.mockito.MockitoTestExecutionListener, org.springframework.boot.test.mock.mockito.ResetMocksTestExecutionListener, org.springframework.test.context.web.ServletTestExecutionListener, org.springframework.test.context.support.DirtiesContextBeforeModesTestExecutionListener, org.springframework.test.context.event.ApplicationEventsTestExecutionListener, org.springframework.test.context.support.DependencyInjectionTestExecutionListener, org.springframework.test.context.support.DirtiesContextTestExecutionListener, org.springframework.test.context.transaction.TransactionalTestExecutionListener, org.springframework.test.context.jdbc.SqlScriptsTestExecutionListener, org.springframework.test.context.event.EventPublishingTestExecutionListener]
12:15:52.464 [Test worker] DEBUG org.springframework.boot.test.context.SpringBootTestContextBootstrapper - Skipping candidate TestExecutionListener [org.springframework.test.context.transaction.TransactionalTestExecutionListener] due to a missing dependency. Specify custom listener classes or make the default listener classes and their required dependencies available. Offending class: [org/springframework/transaction/interceptor/TransactionAttributeSource]
12:15:52.465 [Test worker] DEBUG org.springframework.boot.test.context.SpringBootTestContextBootstrapper - Skipping candidate TestExecutionListener [org.springframework.test.context.jdbc.SqlScriptsTestExecutionListener] due to a missing dependency. Specify custom listener classes or make the default listener classes and their required dependencies available. Offending class: [org/springframework/transaction/interceptor/TransactionAttribute]
12:15:52.465 [Test worker] INFO org.springframework.boot.test.context.SpringBootTestContextBootstrapper - Using TestExecutionListeners: [org.springframework.test.context.web.ServletTestExecutionListener@50f7d90c, org.springframework.test.context.support.DirtiesContextBeforeModesTestExecutionListener@5d3a7b5a, org.springframework.test.context.event.ApplicationEventsTestExecutionListener@d3f4e68, org.springframework.boot.test.mock.mockito.MockitoTestExecutionListener@1cd82818, org.springframework.boot.test.autoconfigure.SpringBootDependencyInjectionTestExecutionListener@7289ad36, org.springframework.test.context.support.DirtiesContextTestExecutionListener@7c67e896, org.springframework.test.context.event.EventPublishingTestExecutionListener@b5ca57c, org.springframework.boot.test.autoconfigure.restdocs.RestDocsTestExecutionListener@5619d4e7, org.springframework.boot.test.autoconfigure.web.client.MockRestServiceServerResetTestExecutionListener@69c6330f, org.springframework.boot.test.autoconfigure.web.servlet.MockMvcPrintOnlyOnFailureTestExecutionListener@2aa655f9, org.springframework.boot.test.autoconfigure.web.servlet.WebDriverTestExecutionListener@443f7294, org.springframework.boot.test.autoconfigure.webservices.client.MockWebServiceServerTestExecutionListener@5c992818, org.springframework.boot.test.mock.mockito.ResetMocksTestExecutionListener@41f36cf]
12:15:52.469 [Test worker] DEBUG org.springframework.test.context.support.AbstractDirtiesContextTestExecutionListener - Before test class: context [DefaultTestContext@6891b82d testClass = ProdreadyApplicationTests, testInstance = [null], testMethod = [null], testException = [null], mergedContextConfiguration = [WebMergedContextConfiguration@77ffcc2a testClass = ProdreadyApplicationTests, locations = '{}', classes = '{class com.mdrsolutions.springbootprod.SpringBootProdApplication}', contextInitializerClasses = '[]', activeProfiles = '{}', propertySourceLocations = '{}', propertySourceProperties = '{org.springframework.boot.test.context.SpringBootTestContextBootstrapper=true}', contextCustomizers = set[org.springframework.boot.test.autoconfigure.actuate.metrics.MetricsExportContextCustomizerFactory$DisableMetricExportContextCustomizer@4f4b2af0, org.springframework.boot.test.autoconfigure.properties.PropertyMappingContextCustomizer@0, org.springframework.boot.test.autoconfigure.web.servlet.WebDriverContextCustomizerFactory$Customizer@c62e01, org.springframework.boot.test.context.filter.ExcludeFilterContextCustomizer@72f9e6, org.springframework.boot.test.json.DuplicateJsonObjectContextCustomizerFactory$DuplicateJsonObjectContextCustomizer@55aba51c, org.springframework.boot.test.mock.mockito.MockitoContextCustomizer@0, org.springframework.boot.test.web.client.TestRestTemplateContextCustomizer@4d1cc4eb, org.springframework.boot.test.context.SpringBootTestArgs@1, org.springframework.boot.test.context.SpringBootTestWebEnvironment@58c9b1ea], resourceBasePath = 'src/main/webapp', contextLoader = 'org.springframework.boot.test.context.SpringBootContextLoader', parent = [null]], attributes = map['org.springframework.test.context.web.ServletTestExecutionListener.activateListener' -> true]], class annotated with @DirtiesContext [false] with mode [null].
12:15:52.521 [Test worker] DEBUG org.springframework.test.context.support.TestPropertySourceUtils - Adding inlined properties to environment: {spring.jmx.enabled=false, org.springframework.boot.test.context.SpringBootTestContextBootstrapper=true}

  .   ____          _            __ _ _
 /\\ / ___'_ __ _ _(_)_ __  __ _ \ \ \ \
( ( )\___ | '_ | '_| | '_ \/ _` | \ \ \ \
 \\/  ___)| |_)| | | | | || (_| |  ) ) ) )
  '  |____| .__|_| |_|_| |_\__, | / / / /
 =========|_|==============|___/=/_/_/_/
 :: Spring Boot ::                (v2.5.4)

2026-08-30 12:15:53.059  INFO 36531 --- [    Test worker] c.m.s.ProdreadyApplicationTests          : Starting ProdreadyApplicationTests using Java 21.0.10 on Raymonds-MacBook-Air.local with PID 36531 (started by raymond in /Users/raymond/Documents/wip/courses/SpringInProduction/Ex_Files_Running_Spring_Boot_in_Production_Ch4/Chapter_04/04_01_begin/SpringBootProduction)
2026-08-30 12:15:53.069  INFO 36531 --- [    Test worker] c.m.s.ProdreadyApplicationTests          : No active profile set, falling back to default profiles: default
2026-08-30 12:15:56.081  INFO 36531 --- [    Test worker] o.s.b.a.w.s.WelcomePageHandlerMapping    : Adding welcome page template: index
2026-08-30 12:15:56.675  INFO 36531 --- [    Test worker] o.s.b.a.e.web.EndpointLinksResolver      : Exposing 4 endpoint(s) beneath base path '/actuator'
2026-08-30 12:15:56.749  INFO 36531 --- [    Test worker] c.m.s.ProdreadyApplicationTests          : Started ProdreadyApplicationTests in 4.221 seconds (JVM running for 5.957)
]]></system-out>
  <system-err><![CDATA[]]></system-err>
</testsuite>
